#
# There is insufficient memory for the Java Runtime Environment to continue.
# Native memory allocation (mmap) failed to map 805306368 bytes. Error detail: G1 virtual space
# Possible reasons:
#   The system is out of physical RAM or swap space
#   This process is running with CompressedOops enabled, and the Java Heap may be blocking the growth of the native heap
# Possible solutions:
#   Reduce memory load on the system
#   Increase physical memory or swap space
#   Check if swap backing store is full
#   Decrease Java heap size (-Xmx/-Xms)
#   Decrease number of Java threads
#   Decrease Java thread stack sizes (-Xss)
#   Set larger code cache with -XX:ReservedCodeCacheSize=
#   JVM is running with Zero Based Compressed Oops mode in which the Java heap is
#     placed in the first 32GB address space. The Java Heap base address is the
#     maximum limit for the native heap growth. Please use -XX:HeapBaseMinAddress
#     to set the Java Heap base and to place the Java Heap above 32GB virtual address.
# This output file may be truncated or incomplete.
#
#  Out of Memory Error (os_windows.cpp:3898), pid=37160, tid=36256
#
# JRE version:  (21.0.6+9) (build )
# Java VM: OpenJDK 64-Bit Server VM (21.0.6+9-b895.109, mixed mode, sharing, tiered, compressed oops, compressed class ptrs, g1 gc, windows-amd64)
# No core dump will be written. Minidumps are not enabled by default on client versions of Windows
#

---------------  S U M M A R Y ------------

Command Line: git4idea.http.GitAskPassApp Username for 'http://localhost:8080': 

Host: Intel(R) Core(TM) i5-8600K CPU @ 3.60GHz, 6 cores, 47G,  Windows 11 , 64 bit Build 26100 (10.0.26100.3912)
Time: Thu May 22 04:37:29 2025 Central Europe Daylight Time elapsed time: 0.032503 seconds (0d 0h 0m 0s)

---------------  T H R E A D  ---------------

Current thread (0x0000027c5badb110):  JavaThread "Unknown thread" [_thread_in_vm, id=36256, stack(0x00000081fed00000,0x00000081fee00000) (1024K)]

Stack: [0x00000081fed00000,0x00000081fee00000]
Native frames: (J=compiled Java code, j=interpreted, Vv=VM code, C=native code)
V  [jvm.dll+0x6e5cb9]
V  [jvm.dll+0x8c4113]
V  [jvm.dll+0x8c666e]
V  [jvm.dll+0x8c6d53]
V  [jvm.dll+0x288f76]
V  [jvm.dll+0x6e2575]
V  [jvm.dll+0x6d602a]
V  [jvm.dll+0x3635db]
V  [jvm.dll+0x36b1a6]
V  [jvm.dll+0x3bd4f6]
V  [jvm.dll+0x3bd7c8]
V  [jvm.dll+0x335d2c]
V  [jvm.dll+0x336a1b]
V  [jvm.dll+0x88b569]
V  [jvm.dll+0x3ca6c8]
V  [jvm.dll+0x8745b8]
V  [jvm.dll+0x45f0de]
V  [jvm.dll+0x460dc1]
C  [jli.dll+0x52ab]
C  [ucrtbase.dll+0x37b0]
C  [KERNEL32.DLL+0x2e8d7]
C  [ntdll.dll+0x9c5dc]


---------------  P R O C E S S  ---------------

Threads class SMR info:
_java_thread_list=0x00007ffcc9eba148, length=0, elements={
}

Java Threads: ( => current thread )
Total: 0

Other Threads:
  0x0000027c5bb8e5a0 WorkerThread "GC Thread#0"                     [id=27492, stack(0x00000081fee00000,0x00000081fef00000) (1024K)]
  0x0000027c7dbfe140 ConcurrentGCThread "G1 Main Marker"            [id=6748, stack(0x00000081fef00000,0x00000081ff000000) (1024K)]
  0x0000027c7dc003f0 WorkerThread "G1 Conc#0"                       [id=29088, stack(0x00000081ff000000,0x00000081ff100000) (1024K)]

[error occurred during error reporting (printing all threads), id 0xc0000005, EXCEPTION_ACCESS_VIOLATION (0xc0000005) at pc=0x00007ffcc95a8e07]
VM state: not at safepoint (not fully initialized)

VM Mutex/Monitor currently owned by a thread:  ([mutex/lock_event])
[0x00007ffcc9f2eb30] Heap_lock - owner thread: 0x0000027c5badb110

Heap address: 0x0000000500800000, size: 12280 MB, Compressed Oops mode: Zero based, Oop shift amount: 3

CDS archive(s) mapped at: [0x0000000000000000-0x0000000000000000-0x0000000000000000), size 0, SharedBaseAddress: 0x0000000800000000, ArchiveRelocationMode: 1.
Narrow klass base: 0x0000000000000000, Narrow klass shift: 0, Narrow klass range: 0x0

GC Precious Log:
 CardTable entry size: 512
 Card Set container configuration: InlinePtr #cards 4 size 8 Array Of Cards #cards 64 size 144 Howl #buckets 8 coarsen threshold 14745 Howl Bitmap #cards 2048 size 272 coarsen threshold 1843 Card regions per heap region 1 cards per card region 16384

Heap:
 garbage-first heap   total 0K, used 0K [0x0000000500800000, 0x0000000800000000)
  region size 8192K, 0 young (0K), 0 survivors (0K)
 Metaspace       used 0K, committed 0K, reserved 0K
  class space    used 0K, committed 0K, reserved 0K

Heap Regions: E=young(eden), S=young(survivor), O=old, HS=humongous(starts), HC=humongous(continues), CS=collection set, F=free, TAMS=top-at-mark-start, PB=parsable bottom

Card table byte_map: [0x0000027c70410000,0x0000027c71c10000] _byte_map_base: 0x0000027c6dc0c000

Marking Bits: (CMBitMap*) 0x0000027c7dbf0d20
 Bits: [0x0000027c71c10000, 0x0000027c7dbf0000)

GC Heap History (0 events):
No events

Dll operation events (1 events):
Event: 0.007 Loaded shared library D:\PyCharm\jbr\bin\java.dll

Deoptimization events (0 events):
No events

Classes loaded (0 events):
No events

Classes unloaded (0 events):
No events

Classes redefined (0 events):
No events

Internal exceptions (0 events):
No events

ZGC Phase Switch (0 events):
No events

VM Operations (0 events):
No events

Memory protections (0 events):
No events

Nmethod flushes (0 events):
No events

Events (0 events):
No events


Dynamic libraries:
0x00007ff72df40000 - 0x00007ff72df4a000 	D:\PyCharm\jbr\bin\java.exe
0x00007ffd7b240000 - 0x00007ffd7b4a6000 	C:\WINDOWS\SYSTEM32\ntdll.dll
0x00007ffd79e90000 - 0x00007ffd79f59000 	C:\WINDOWS\System32\KERNEL32.DLL
0x00007ffd783d0000 - 0x00007ffd7879c000 	C:\WINDOWS\System32\KERNELBASE.dll
0x00007ffd74f00000 - 0x00007ffd74f9e000 	C:\WINDOWS\SYSTEM32\apphelp.dll
0x00007ffd787a0000 - 0x00007ffd788eb000 	C:\WINDOWS\System32\ucrtbase.dll
0x00007ffd59240000 - 0x00007ffd59258000 	D:\PyCharm\jbr\bin\jli.dll
0x00007ffd74eb0000 - 0x00007ffd74ecb000 	D:\PyCharm\jbr\bin\VCRUNTIME140.dll
0x00007ffd7ae50000 - 0x00007ffd7b01a000 	C:\WINDOWS\System32\USER32.dll
0x00007ffd5fb30000 - 0x00007ffd5fdca000 	C:\WINDOWS\WinSxS\amd64_microsoft.windows.common-controls_6595b64144ccf1df_6.0.26100.3912_none_3e07963ce335137e\COMCTL32.dll
0x00007ffd78e50000 - 0x00007ffd78e77000 	C:\WINDOWS\System32\win32u.dll
0x00007ffd7a480000 - 0x00007ffd7a529000 	C:\WINDOWS\System32\msvcrt.dll
0x00007ffd7a160000 - 0x00007ffd7a18b000 	C:\WINDOWS\System32\GDI32.dll
0x00007ffd78b90000 - 0x00007ffd78cc2000 	C:\WINDOWS\System32\gdi32full.dll
0x00007ffd789b0000 - 0x00007ffd78a53000 	C:\WINDOWS\System32\msvcp_win.dll
0x00007ffd798d0000 - 0x00007ffd79900000 	C:\WINDOWS\System32\IMM32.DLL
0x00007ffd62b00000 - 0x00007ffd62b0c000 	D:\PyCharm\jbr\bin\vcruntime140_1.dll
0x00007ffd26560000 - 0x00007ffd265ed000 	D:\PyCharm\jbr\bin\msvcp140.dll
0x00007ffcc9260000 - 0x00007ffcca021000 	D:\PyCharm\jbr\bin\server\jvm.dll
0x00007ffd79f60000 - 0x00007ffd7a012000 	C:\WINDOWS\System32\ADVAPI32.dll
0x00007ffd79820000 - 0x00007ffd798c6000 	C:\WINDOWS\System32\sechost.dll
0x00007ffd79320000 - 0x00007ffd79436000 	C:\WINDOWS\System32\RPCRT4.dll
0x00007ffd7a090000 - 0x00007ffd7a104000 	C:\WINDOWS\System32\WS2_32.dll
0x00007ffd77ac0000 - 0x00007ffd77b1e000 	C:\WINDOWS\SYSTEM32\POWRPROF.dll
0x00007ffd6cba0000 - 0x00007ffd6cbd6000 	C:\WINDOWS\SYSTEM32\WINMM.dll
0x00007ffd723a0000 - 0x00007ffd723ab000 	C:\WINDOWS\SYSTEM32\VERSION.dll
0x00007ffd77a60000 - 0x00007ffd77a74000 	C:\WINDOWS\SYSTEM32\UMPDC.dll
0x00007ffd77160000 - 0x00007ffd7717a000 	C:\WINDOWS\SYSTEM32\kernel.appcore.dll
0x00007ffd62af0000 - 0x00007ffd62afa000 	D:\PyCharm\jbr\bin\jimage.dll
0x00007ffd75a30000 - 0x00007ffd75c71000 	C:\WINDOWS\SYSTEM32\DBGHELP.DLL
0x00007ffd79490000 - 0x00007ffd79814000 	C:\WINDOWS\System32\combase.dll
0x00007ffd79910000 - 0x00007ffd799f0000 	C:\WINDOWS\System32\OLEAUT32.dll
0x00007ffd532d0000 - 0x00007ffd53309000 	C:\WINDOWS\SYSTEM32\dbgcore.DLL
0x00007ffd78af0000 - 0x00007ffd78b89000 	C:\WINDOWS\System32\bcryptPrimitives.dll
0x00007ffd554b0000 - 0x00007ffd554d0000 	D:\PyCharm\jbr\bin\java.dll

dbghelp: loaded successfully - version: 4.0.5 - missing functions: none
symbol engine: initialized successfully - sym options: 0x614 - pdb path: .;D:\PyCharm\jbr\bin;C:\WINDOWS\SYSTEM32;C:\WINDOWS\WinSxS\amd64_microsoft.windows.common-controls_6595b64144ccf1df_6.0.26100.3912_none_3e07963ce335137e;D:\PyCharm\jbr\bin\server

VM Arguments:
java_command: git4idea.http.GitAskPassApp Username for 'http://localhost:8080': 
java_class_path (initial): D:/PyCharm/plugins/vcs-git/lib/git4idea-rt.jar;D:/PyCharm/lib/externalProcess-rt.jar
Launcher Type: SUN_STANDARD

[Global flags]
     intx CICompilerCount                          = 3                                         {product} {ergonomic}
     uint ConcGCThreads                            = 2                                         {product} {ergonomic}
     uint G1ConcRefinementThreads                  = 6                                         {product} {ergonomic}
   size_t G1HeapRegionSize                         = 8388608                                   {product} {ergonomic}
    uintx GCDrainStackTargetSize                   = 64                                        {product} {ergonomic}
   size_t InitialHeapSize                          = 805306368                                 {product} {ergonomic}
   size_t MarkStackSize                            = 4194304                                   {product} {ergonomic}
   size_t MaxHeapSize                              = 12876513280                               {product} {ergonomic}
   size_t MinHeapDeltaBytes                        = 8388608                                   {product} {ergonomic}
   size_t MinHeapSize                              = 8388608                                   {product} {ergonomic}
    uintx NonNMethodCodeHeapSize                   = 5832780                                {pd product} {ergonomic}
    uintx NonProfiledCodeHeapSize                  = 122912730                              {pd product} {ergonomic}
    uintx ProfiledCodeHeapSize                     = 122912730                              {pd product} {ergonomic}
    uintx ReservedCodeCacheSize                    = 251658240                              {pd product} {ergonomic}
     bool SegmentedCodeCache                       = true                                      {product} {ergonomic}
   size_t SoftMaxHeapSize                          = 12876513280                            {manageable} {ergonomic}
     bool UseCompressedOops                        = true                           {product lp64_product} {ergonomic}
     bool UseG1GC                                  = true                                      {product} {ergonomic}
     bool UseLargePagesIndividualAllocation        = false                                  {pd product} {ergonomic}

Logging:
Log output configuration:
 #0: stdout all=warning uptime,level,tags foldmultilines=false
 #1: stderr all=off uptime,level,tags foldmultilines=false

Environment Variables:
PATH=C:/Program Files/Git/mingw64/libexec/git-core;C:/Program Files/Git/mingw64/libexec/git-core;C:\Program Files\Git\mingw64\bin;C:\Program Files\Git\usr\bin;C:\Users\marti\bin;C:\Python313\Scripts\;C:\Python313\;C:\WINDOWS\system32;C:\WINDOWS;C:\WINDOWS\System32\Wbem;C:\WINDOWS\System32\WindowsPowerShell\v1.0\;C:\WINDOWS\System32\OpenSSH\;C:\Program Files (x86)\NVIDIA Corporation\PhysX\Common;C:\Program Files\Git\cmd;C:\Program Files\dotnet\;C:\Program Files\NVIDIA Corporation\NVIDIA app\NvDLISR;C:\Program Files (x86)\STMicroelectronics\STM32 ST-LINK Utility\ST-LINK Utility;C:\Program Files\Docker\Docker\resources\bin;C:\Program Files\nodejs\;C:\ProgramData\chocolatey\bin;C:\Users\marti\AppData\Local\Microsoft\WindowsApps;C:\Users\marti\AppData\Local\Programs\Microsoft VS Code\bin;C:\Users\marti\.dotnet\tools;C:\Users\marti\AppData\Local\JetBrains\Toolbox\scripts;C:\Users\marti\AppData\Roaming\npm
USERNAME=marti
DISPLAY=:0.0
LC_ALL=en_US.UTF-8
TERM=xterm-256color
TMPDIR=C:\Users\marti\AppData\Local\Temp
OS=Windows_NT
PROCESSOR_IDENTIFIER=Intel64 Family 6 Model 158 Stepping 10, GenuineIntel
TMP=C:\Users\marti\AppData\Local\Temp
TEMP=C:\Users\marti\AppData\Local\Temp




Periodic native trim disabled

JNI global refs:
JNI global refs: 0, weak refs: 0

JNI global refs memory usage: 0, weak refs: 0

Process memory usage:
Resident Set Size: 14088K (0% of 50268396K total physical memory with 9358304K free physical memory)

OOME stack traces (most recent first):
Classloader memory used:

---------------  S Y S T E M  ---------------

OS:
 Windows 11 , 64 bit Build 26100 (10.0.26100.3912)
OS uptime: 7 days 19:39 hours
Hyper-V role detected

CPU: total 6 (initial active 6) (6 cores per cpu, 1 threads per core) family 6 model 158 stepping 10 microcode 0xde, cx8, cmov, fxsr, mmx, 3dnowpref, sse, sse2, sse3, ssse3, sse4.1, sse4.2, popcnt, lzcnt, tsc, tscinvbit, avx, avx2, aes, erms, clmul, bmi1, bmi2, rtm, adx, fma, vzeroupper, clflush, clflushopt, hv, rdtscp, f16c
Processor Information for the first 6 processors :
  Max Mhz: 3600, Current Mhz: 3600, Mhz Limit: 3600

Memory: 4k page, system-wide physical 49090M (9138M free)
TotalPageFile size 57324M (AvailPageFile size 595M)
current process WorkingSet (physical memory assigned to process): 13M, peak: 13M
current process commit charge ("private bytes"): 56M, peak: 824M

vm_info: OpenJDK 64-Bit Server VM (21.0.6+9-b895.109) for windows-amd64 JRE (21.0.6+9-b895.109), built on 2025-03-26 by "builduser" with MS VC++ 16.10 / 16.11 (VS2019)

END.
